<?xml version="1.0" encoding="UTF-8"?>
<!-- Generated by org.testng.reporters.JUnitReportReporter -->
<testsuite hostname="DESKTOP-8IR1DMT" failures="0" tests="5" name="TestNGGroups.class3" time="0.013" errors="0" timestamp="23 Mar 2022 04:24:58 GMT">
  <testcase classname="TestNGGroups.class3" name="FiveProgrammofclass3" time="0.001"/>
  <testcase classname="TestNGGroups.class3" name="ThirdProgrammofclass3" time="0.001"/>
  <testcase classname="TestNGGroups.class3" name="FirstProgrammofclass3" time="0.005"/>
  <testcase classname="TestNGGroups.class3" name="SecondProgrammofclass3" time="0.004"/>
  <testcase classname="TestNGGroups.class3" name="FourthProgrammofclass3" time="0.002"/>
</testsuite> <!-- TestNGGroups.class3 -->
