<?xml version="1.0" encoding="UTF-8"?>
<!-- Generated by org.testng.reporters.JUnitReportReporter -->
<testsuite hostname="DESKTOP-8IR1DMT" failures="0" tests="2" name="TestNGGroups.class2" time="0.006" errors="0" timestamp="28 Mar 2022 13:05:46 GMT">
  <testcase classname="TestNGGroups.class2" name="SecondProgrammofclass2" time="0.003"/>
  <testcase classname="TestNGGroups.class2" name="FirstProgrammofclass2" time="0.003"/>
</testsuite> <!-- TestNGGroups.class2 -->
