<?xml version="1.0" encoding="UTF-8"?>
<!-- Generated by org.testng.reporters.JUnitReportReporter -->
<testsuite hostname="DESKTOP-8IR1DMT" failures="0" tests="2" name="TestNGGroups.class1" time="0.039" errors="0" timestamp="28 Mar 2022 13:05:46 GMT">
  <testcase classname="TestNGGroups.class1" name="SecondProgrammofClass1" time="0.017"/>
  <testcase classname="TestNGGroups.class1" name="FirstProgrammofClass1" time="0.022"/>
</testsuite> <!-- TestNGGroups.class1 -->
